# # t[fs], Pe [a.u.], xc [a.u.], xb [a.u.], mean(xd**2) [a.u.], eHe [cm-1], ePh [cm-1], eVib [cm-1], eDark [cm-1], eTot [cm-1]
2.41888E-04 1.00000E+00 0.00000E+00 0.00000E+00 0.00000E+00 2.19475E+14 0.00000E+00 0.00000E+00 0.00000E+00 2.19475E+14
2.66077E-03 9.99999E-01 0.00000E+00 0.00000E+00 0.00000E+00 2.19474E+14 0.00000E+00 0.00000E+00 0.00000E+00 2.19474E+14
2.68496E-02 9.99989E-01 0.00000E+00 0.00000E+00 0.00000E+00 2.19472E+14 0.00000E+00 0.00000E+00 0.00000E+00 2.19472E+14
2.68738E-01 9.99889E-01 0.00000E+00 0.00000E+00 0.00000E+00 2.19450E+14 0.00000E+00 0.00000E+00 0.00000E+00 2.19450E+14
2.68762E+00 9.98890E-01 0.00000E+00 0.00000E+00 0.00000E+00 2.19231E+14 0.00000E+00 0.00000E+00 0.00000E+00 2.19231E+14
2.68765E+01 9.88950E-01 0.00000E+00 0.00000E+00 0.00000E+00 2.17050E+14 0.00000E+00 0.00000E+00 0.00000E+00 2.17050E+14
2.36318E+02 9.06924E-01 0.00000E+00 0.00000E+00 0.00000E+00 1.99047E+14 0.00000E+00 0.00000E+00 0.00000E+00 1.99047E+14
5.22616E+02 8.05690E-01 0.00000E+00 0.00000E+00 0.00000E+00 1.76828E+14 0.00000E+00 0.00000E+00 0.00000E+00 1.76828E+14
8.54531E+02 7.02384E-01 0.00000E+00 0.00000E+00 0.00000E+00 1.54156E+14 0.00000E+00 0.00000E+00 0.00000E+00 1.54156E+14
1.21973E+03 6.03956E-01 0.00000E+00 0.00000E+00 0.00000E+00 1.32553E+14 0.00000E+00 0.00000E+00 0.00000E+00 1.32553E+14
1.61026E+03 5.13911E-01 0.00000E+00 0.00000E+00 0.00000E+00 1.12790E+14 0.00000E+00 0.00000E+00 0.00000E+00 1.12790E+14
2.01971E+03 4.33885E-01 0.00000E+00 0.00000E+00 0.00000E+00 9.52267E+13 0.00000E+00 0.00000E+00 0.00000E+00 9.52267E+13
2.44272E+03 3.64273E-01 0.00000E+00 0.00000E+00 0.00000E+00 7.99486E+13 0.00000E+00 0.00000E+00 0.00000E+00 7.99486E+13
2.87506E+03 3.04651E-01 0.00000E+00 0.00000E+00 0.00000E+00 6.68631E+13 0.00000E+00 0.00000E+00 0.00000E+00 6.68631E+13
3.31369E+03 2.54126E-01 0.00000E+00 0.00000E+00 0.00000E+00 5.57741E+13 0.00000E+00 0.00000E+00 0.00000E+00 5.57741E+13
3.75659E+03 2.11607E-01 0.00000E+00 0.00000E+00 0.00000E+00 4.64423E+13 0.00000E+00 0.00000E+00 0.00000E+00 4.64423E+13
4.20247E+03 1.75985E-01 0.00000E+00 0.00000E+00 0.00000E+00 3.86242E+13 0.00000E+00 0.00000E+00 0.00000E+00 3.86242E+13
4.65058E+03 1.46224E-01 0.00000E+00 0.00000E+00 0.00000E+00 3.20926E+13 0.00000E+00 0.00000E+00 0.00000E+00 3.20926E+13
5.10050E+03 1.21406E-01 0.00000E+00 0.00000E+00 0.00000E+00 2.66455E+13 0.00000E+00 0.00000E+00 0.00000E+00 2.66455E+13
5.55204E+03 1.00732E-01 0.00000E+00 0.00000E+00 0.00000E+00 2.21082E+13 0.00000E+00 0.00000E+00 0.00000E+00 2.21082E+13
6.00518E+03 8.35238E-02 0.00000E+00 0.00000E+00 0.00000E+00 1.83313E+13 0.00000E+00 0.00000E+00 0.00000E+00 1.83313E+13
6.46000E+03 6.92071E-02 0.00000E+00 0.00000E+00 0.00000E+00 1.51892E+13 0.00000E+00 0.00000E+00 0.00000E+00 1.51892E+13
6.91667E+03 5.73005E-02 0.00000E+00 0.00000E+00 0.00000E+00 1.25760E+13 0.00000E+00 0.00000E+00 0.00000E+00 1.25760E+13
7.37545E+03 4.74010E-02 0.00000E+00 0.00000E+00 0.00000E+00 1.04033E+13 0.00000E+00 0.00000E+00 0.00000E+00 1.04033E+13
7.83668E+03 3.91721E-02 0.00000E+00 0.00000E+00 0.00000E+00 8.59729E+12 0.00000E+00 0.00000E+00 0.00000E+00 8.59729E+12
8.30076E+03 3.23336E-02 0.00000E+00 0.00000E+00 0.00000E+00 7.09642E+12 0.00000E+00 0.00000E+00 0.00000E+00 7.09642E+12
8.76819E+03 2.66521E-02 0.00000E+00 0.00000E+00 0.00000E+00 5.84945E+12 0.00000E+00 0.00000E+00 0.00000E+00 5.84945E+12
9.23955E+03 2.19331E-02 0.00000E+00 0.00000E+00 0.00000E+00 4.81376E+12 0.00000E+00 0.00000E+00 0.00000E+00 4.81376E+12
9.71553E+03 1.80153E-02 0.00000E+00 0.00000E+00 0.00000E+00 3.95390E+12 0.00000E+00 0.00000E+00 0.00000E+00 3.95390E+12
1.01969E+04 1.47642E-02 0.00000E+00 0.00000E+00 0.00000E+00 3.24038E+12 0.00000E+00 0.00000E+00 0.00000E+00 3.24038E+12
1.06846E+04 1.20684E-02 0.00000E+00 0.00000E+00 0.00000E+00 2.64870E+12 0.00000E+00 0.00000E+00 0.00000E+00 2.64870E+12
1.11797E+04 9.83482E-03 0.00000E+00 0.00000E+00 0.00000E+00 2.15849E+12 0.00000E+00 0.00000E+00 0.00000E+00 2.15849E+12
1.16832E+04 7.98650E-03 0.00000E+00 0.00000E+00 0.00000E+00 1.75283E+12 0.00000E+00 0.00000E+00 0.00000E+00 1.75283E+12
1.21966E+04 6.45925E-03 0.00000E+00 0.00000E+00 0.00000E+00 1.41764E+12 0.00000E+00 0.00000E+00 0.00000E+00 1.41764E+12
1.27213E+04 5.19972E-03 0.00000E+00 0.00000E+00 0.00000E+00 1.14121E+12 0.00000E+00 0.00000E+00 0.00000E+00 1.14121E+12
1.32589E+04 4.16348E-03 0.00000E+00 0.00000E+00 0.00000E+00 9.13779E+11 0.00000E+00 0.00000E+00 0.00000E+00 9.13779E+11
1.38112E+04 3.31350E-03 0.00000E+00 0.00000E+00 0.00000E+00 7.27230E+11 0.00000E+00 0.00000E+00 0.00000E+00 7.27230E+11
1.43803E+04 2.61886E-03 0.00000E+00 0.00000E+00 0.00000E+00 5.74773E+11 0.00000E+00 0.00000E+00 0.00000E+00 5.74773E+11
1.49683E+04 2.05369E-03 0.00000E+00 0.00000E+00 0.00000E+00 4.50732E+11 0.00000E+00 0.00000E+00 0.00000E+00 4.50732E+11
1.55778E+04 1.59631E-03 0.00000E+00 0.00000E+00 0.00000E+00 3.50349E+11 0.00000E+00 0.00000E+00 0.00000E+00 3.50349E+11
1.62113E+04 1.22849E-03 0.00000E+00 0.00000E+00 0.00000E+00 2.69623E+11 0.00000E+00 0.00000E+00 0.00000E+00 2.69623E+11
1.68719E+04 9.34898E-04 0.00000E+00 0.00000E+00 0.00000E+00 2.05186E+11 0.00000E+00 0.00000E+00 0.00000E+00 2.05186E+11
1.75630E+04 7.02567E-04 0.00000E+00 0.00000E+00 0.00000E+00 1.54196E+11 0.00000E+00 0.00000E+00 0.00000E+00 1.54196E+11
1.82883E+04 5.20553E-04 0.00000E+00 0.00000E+00 0.00000E+00 1.14248E+11 0.00000E+00 0.00000E+00 0.00000E+00 1.14248E+11
1.90521E+04 3.79599E-04 0.00000E+00 0.00000E+00 0.00000E+00 8.33124E+10 0.00000E+00 0.00000E+00 0.00000E+00 8.33124E+10
1.98594E+04 2.71885E-04 0.00000E+00 0.00000E+00 0.00000E+00 5.96719E+10 0.00000E+00 0.00000E+00 0.00000E+00 5.96719E+10
2.07158E+04 1.90821E-04 0.00000E+00 0.00000E+00 0.00000E+00 4.18803E+10 0.00000E+00 0.00000E+00 0.00000E+00 4.18803E+10
2.16280E+04 1.30873E-04 0.00000E+00 0.00000E+00 0.00000E+00 2.87232E+10 0.00000E+00 0.00000E+00 0.00000E+00 2.87232E+10
2.26038E+04 8.74262E-05 0.00000E+00 0.00000E+00 0.00000E+00 1.91878E+10 0.00000E+00 0.00000E+00 0.00000E+00 1.91878E+10
2.36528E+04 5.66642E-05 0.00000E+00 0.00000E+00 0.00000E+00 1.24364E+10 0.00000E+00 0.00000E+00 0.00000E+00 1.24364E+10
2.47863E+04 3.54644E-05 0.00000E+00 0.00000E+00 0.00000E+00 7.78354E+09 0.00000E+00 0.00000E+00 0.00000E+00 7.78354E+09
2.60185E+04 2.13088E-05 0.00000E+00 0.00000E+00 0.00000E+00 4.67673E+09 0.00000E+00 0.00000E+00 0.00000E+00 4.67673E+09
2.73671E+04 1.22021E-05 0.00000E+00 0.00000E+00 0.00000E+00 2.67804E+09 0.00000E+00 0.00000E+00 0.00000E+00 2.67804E+09
2.88546E+04 6.59750E-06 0.00000E+00 0.00000E+00 0.00000E+00 1.44798E+09 0.00000E+00 0.00000E+00 0.00000E+00 1.44798E+09
3.05103E+04 3.32780E-06 0.00000E+00 0.00000E+00 0.00000E+00 7.30368E+08 0.00000E+00 0.00000E+00 0.00000E+00 7.30368E+08
3.23729E+04 1.54107E-06 0.00000E+00 0.00000E+00 0.00000E+00 3.38226E+08 0.00000E+00 0.00000E+00 0.00000E+00 3.38226E+08
3.44954E+04 6.41136E-07 0.00000E+00 0.00000E+00 0.00000E+00 1.40713E+08 0.00000E+00 0.00000E+00 0.00000E+00 1.40713E+08
3.69522E+04 2.32512E-07 0.00000E+00 0.00000E+00 0.00000E+00 5.10306E+07 0.00000E+00 0.00000E+00 0.00000E+00 5.10306E+07
3.98518E+04 7.04548E-08 0.00000E+00 0.00000E+00 0.00000E+00 1.54630E+07 0.00000E+00 0.00000E+00 0.00000E+00 1.54630E+07
4.33592E+04 1.68672E-08 0.00000E+00 0.00000E+00 0.00000E+00 3.70191E+06 0.00000E+00 0.00000E+00 0.00000E+00 3.70191E+06
4.77390E+04 3.09709E-09 0.00000E+00 0.00000E+00 0.00000E+00 6.79732E+05 0.00000E+00 0.00000E+00 0.00000E+00 6.79732E+05
5.34362E+04 6.30363E-10 0.00000E+00 0.00000E+00 0.00000E+00 1.38349E+05 0.00000E+00 0.00000E+00 0.00000E+00 1.38349E+05
6.11757E+04 5.17243E-10 0.00000E+00 0.00000E+00 0.00000E+00 1.13522E+05 0.00000E+00 0.00000E+00 0.00000E+00 1.13522E+05
7.13357E+04 2.32591E-09 0.00000E+00 0.00000E+00 0.00000E+00 5.10479E+05 0.00000E+00 0.00000E+00 0.00000E+00 5.10479E+05
7.87994E+04 1.54242E-09 0.00000E+00 0.00000E+00 0.00000E+00 3.38522E+05 0.00000E+00 0.00000E+00 0.00000E+00 3.38522E+05
8.62632E+04 1.02285E-09 0.00000E+00 0.00000E+00 0.00000E+00 2.24490E+05 0.00000E+00 0.00000E+00 0.00000E+00 2.24490E+05
9.48092E+04 1.53859E-09 0.00000E+00 0.00000E+00 0.00000E+00 3.37681E+05 0.00000E+00 0.00000E+00 0.00000E+00 3.37681E+05
1.03876E+05 3.35591E-09 0.00000E+00 0.00000E+00 0.00000E+00 7.36537E+05 0.00000E+00 0.00000E+00 0.00000E+00 7.36537E+05
1.11067E+05 1.80230E-09 0.00000E+00 0.00000E+00 0.00000E+00 3.95559E+05 0.00000E+00 0.00000E+00 0.00000E+00 3.95559E+05
1.18258E+05 9.67931E-10 0.00000E+00 0.00000E+00 0.00000E+00 2.12436E+05 0.00000E+00 0.00000E+00 0.00000E+00 2.12436E+05
1.26592E+05 1.24539E-09 0.00000E+00 0.00000E+00 0.00000E+00 2.73332E+05 0.00000E+00 0.00000E+00 0.00000E+00 2.73332E+05
1.35800E+05 2.99519E-09 0.00000E+00 0.00000E+00 0.00000E+00 6.57368E+05 0.00000E+00 0.00000E+00 0.00000E+00 6.57368E+05
1.43105E+05 1.75747E-09 0.00000E+00 0.00000E+00 0.00000E+00 3.85719E+05 0.00000E+00 0.00000E+00 0.00000E+00 3.85719E+05
1.50411E+05 1.03121E-09 0.00000E+00 0.00000E+00 0.00000E+00 2.26326E+05 0.00000E+00 0.00000E+00 0.00000E+00 2.26326E+05
1.58766E+05 1.34759E-09 0.00000E+00 0.00000E+00 0.00000E+00 2.95762E+05 0.00000E+00 0.00000E+00 0.00000E+00 2.95762E+05
1.67854E+05 2.98319E-09 0.00000E+00 0.00000E+00 0.00000E+00 6.54735E+05 0.00000E+00 0.00000E+00 0.00000E+00 6.54735E+05
1.75183E+05 1.78204E-09 0.00000E+00 0.00000E+00 0.00000E+00 3.91112E+05 0.00000E+00 0.00000E+00 0.00000E+00 3.91112E+05
1.82511E+05 1.06452E-09 0.00000E+00 0.00000E+00 0.00000E+00 2.33634E+05 0.00000E+00 0.00000E+00 0.00000E+00 2.33634E+05
1.90839E+05 1.36312E-09 0.00000E+00 0.00000E+00 0.00000E+00 2.99169E+05 0.00000E+00 0.00000E+00 0.00000E+00 2.99169E+05
1.99875E+05 2.90932E-09 0.00000E+00 0.00000E+00 0.00000E+00 6.38522E+05 0.00000E+00 0.00000E+00 0.00000E+00 6.38522E+05
2.07242E+05 1.79037E-09 0.00000E+00 0.00000E+00 0.00000E+00 3.92940E+05 0.00000E+00 0.00000E+00 0.00000E+00 3.92940E+05
2.14609E+05 1.10178E-09 0.00000E+00 0.00000E+00 0.00000E+00 2.41812E+05 0.00000E+00 0.00000E+00 0.00000E+00 2.41812E+05
2.22921E+05 1.39543E-09 0.00000E+00 0.00000E+00 0.00000E+00 3.06261E+05 0.00000E+00 0.00000E+00 0.00000E+00 3.06261E+05
2.31898E+05 2.85732E-09 0.00000E+00 0.00000E+00 0.00000E+00 6.27109E+05 0.00000E+00 0.00000E+00 0.00000E+00 6.27109E+05
2.39296E+05 1.80127E-09 0.00000E+00 0.00000E+00 0.00000E+00 3.95334E+05 0.00000E+00 0.00000E+00 0.00000E+00 3.95334E+05
2.41888E+05 6.18163E-10 0.00000E+00 0.00000E+00 0.00000E+00 1.35671E+05 0.00000E+00 0.00000E+00 0.00000E+00 1.35671E+05
